<?xml version="1.0" encoding="UTF-8" ?>
<testsuite tests="3" failures="0" name="calculadora.runners.RunnerTest" time="0.027" errors="0" skipped="3">
  <properties>
[...]
</properties>
  <testcase classname="Calculadora Mobile" name="Somar dois numeros" time="0.009">
    <skipped/>
    <system-out>@Calculadora
Funcionalidade: Calculadora Mobile
  	eu como usuario gostaria de realizar algumas operacoes na calculadora do celular

  @Somar
  Esquema do Cenario: Somar dois numeros # Features/Calculadora.feature:8
    Quando adicionar o primeiro numero &quot;&lt;NUMERO1&gt;&quot;
    E adicionar o segundo numero &quot;&lt;NUMERO2&gt;&quot;
    Entao o resultado da soma deve ser &quot;&lt;RESULTADO&gt;&quot;.

    Exemplos: 

  @Calculadora @Somar
  Esquema do Cenario: Somar dois numeros     # Features/Calculadora.feature:15
    Quando adicionar o primeiro numero &quot;5&quot;   # null
    E adicionar o segundo numero &quot;5&quot;         # null
    Entao o resultado da soma deve ser &quot;10&quot;. # null
</system-out>
  </testcase>
  <testcase classname="Calculadora Mobile" name="Somar dois numeros" time="0.009">
    <skipped/>
  </testcase>
  <testcase classname="Calculadora Mobile" name="Somar dois numeros" time="0.009">
    <skipped/>
  </testcase>
</testsuite>